/home/sathwik/autonomous_tb3_ws/install/autonomous_tb3/lib/python3.10/site-packages/autonomous_tb3/parking_solver.py
/home/sathwik/autonomous_tb3_ws/install/autonomous_tb3/lib/python3.10/site-packages/autonomous_tb3/spawn_entity.py
/home/sathwik/autonomous_tb3_ws/install/autonomous_tb3/lib/python3.10/site-packages/autonomous_tb3/__init__.py
/home/sathwik/autonomous_tb3_ws/install/autonomous_tb3/lib/python3.10/site-packages/autonomous_tb3/occupancy_grid_pub.py
/home/sathwik/autonomous_tb3_ws/install/autonomous_tb3/lib/python3.10/site-packages/autonomous_tb3/__pycache__/parking_solver.cpython-310.pyc
/home/sathwik/autonomous_tb3_ws/install/autonomous_tb3/lib/python3.10/site-packages/autonomous_tb3/__pycache__/spawn_entity.cpython-310.pyc
/home/sathwik/autonomous_tb3_ws/install/autonomous_tb3/lib/python3.10/site-packages/autonomous_tb3/__pycache__/__init__.cpython-310.pyc
/home/sathwik/autonomous_tb3_ws/install/autonomous_tb3/lib/python3.10/site-packages/autonomous_tb3/__pycache__/occupancy_grid_pub.cpython-310.pyc
/home/sathwik/autonomous_tb3_ws/install/autonomous_tb3/share/ament_index/resource_index/packages/autonomous_tb3
/home/sathwik/autonomous_tb3_ws/install/autonomous_tb3/share/autonomous_tb3/package.xml
/home/sathwik/autonomous_tb3_ws/install/autonomous_tb3/share/autonomous_tb3/launch/tb3_world_navigation.launch.py
/home/sathwik/autonomous_tb3_ws/install/autonomous_tb3/share/autonomous_tb3/launch/mapping.launch.py
/home/sathwik/autonomous_tb3_ws/install/autonomous_tb3/share/autonomous_tb3/launch/park_navigation.launch.py
/home/sathwik/autonomous_tb3_ws/install/autonomous_tb3/share/autonomous_tb3/config/parkingob1_map.yaml
/home/sathwik/autonomous_tb3_ws/install/autonomous_tb3/share/autonomous_tb3/config/parking2_map.pgm
/home/sathwik/autonomous_tb3_ws/install/autonomous_tb3/share/autonomous_tb3/config/parkingob_map.pgm
/home/sathwik/autonomous_tb3_ws/install/autonomous_tb3/share/autonomous_tb3/config/parkingob_map.yaml
/home/sathwik/autonomous_tb3_ws/install/autonomous_tb3/share/autonomous_tb3/config/tb3_nav.rviz
/home/sathwik/autonomous_tb3_ws/install/autonomous_tb3/share/autonomous_tb3/config/parking2_map.yaml
/home/sathwik/autonomous_tb3_ws/install/autonomous_tb3/share/autonomous_tb3/config/parkingobj_map.yaml
/home/sathwik/autonomous_tb3_ws/install/autonomous_tb3/share/autonomous_tb3/config/parkingob1_map.pgm
/home/sathwik/autonomous_tb3_ws/install/autonomous_tb3/share/autonomous_tb3/config/parkingobj_map.pgm
/home/sathwik/autonomous_tb3_ws/install/autonomous_tb3/share/autonomous_tb3/config/tb3_world.yaml
/home/sathwik/autonomous_tb3_ws/install/autonomous_tb3/share/autonomous_tb3/config/tb3_nav_params.yaml
/home/sathwik/autonomous_tb3_ws/install/autonomous_tb3/share/autonomous_tb3/config/tb3_cartographer.lua
/home/sathwik/autonomous_tb3_ws/install/autonomous_tb3/share/autonomous_tb3/config/tb3_world.pgm
/home/sathwik/autonomous_tb3_ws/install/autonomous_tb3/share/autonomous_tb3/world/parking/model.config
/home/sathwik/autonomous_tb3_ws/install/autonomous_tb3/share/autonomous_tb3/world/parking/model.sdf
/home/sathwik/autonomous_tb3_ws/install/autonomous_tb3/lib/python3.10/site-packages/autonomous_tb3-0.0.0-py3.10.egg-info/top_level.txt
/home/sathwik/autonomous_tb3_ws/install/autonomous_tb3/lib/python3.10/site-packages/autonomous_tb3-0.0.0-py3.10.egg-info/dependency_links.txt
/home/sathwik/autonomous_tb3_ws/install/autonomous_tb3/lib/python3.10/site-packages/autonomous_tb3-0.0.0-py3.10.egg-info/zip-safe
/home/sathwik/autonomous_tb3_ws/install/autonomous_tb3/lib/python3.10/site-packages/autonomous_tb3-0.0.0-py3.10.egg-info/PKG-INFO
/home/sathwik/autonomous_tb3_ws/install/autonomous_tb3/lib/python3.10/site-packages/autonomous_tb3-0.0.0-py3.10.egg-info/SOURCES.txt
/home/sathwik/autonomous_tb3_ws/install/autonomous_tb3/lib/python3.10/site-packages/autonomous_tb3-0.0.0-py3.10.egg-info/requires.txt
/home/sathwik/autonomous_tb3_ws/install/autonomous_tb3/lib/python3.10/site-packages/autonomous_tb3-0.0.0-py3.10.egg-info/entry_points.txt
/home/sathwik/autonomous_tb3_ws/install/autonomous_tb3/lib/autonomous_tb3/occupancy_grid_pub_node
/home/sathwik/autonomous_tb3_ws/install/autonomous_tb3/lib/autonomous_tb3/parking_solver
/home/sathwik/autonomous_tb3_ws/install/autonomous_tb3/lib/autonomous_tb3/sdf_spawner
